<html>
<body>
<pre>
<h1>µVision Build Log</h1>
<h2>Tool Versions:</h2>
IDE-Version: ¶ÃVision V5.24.2.0
Copyright (C) 2017 ARM Ltd and ARM Germany GmbH. All rights reserved.
License Information: 760 3378079, HP Inc., LIC=TIVNB-2HLFE-EV61R-K8T8M-BGK9L-G47CL
 
Tool Versions:
Toolchain:       MDK-ARM Plus  Version: 5.24.1
Toolchain Path:  D:\Keill5\ARM\ARMCC\Bin
C Compiler:      Armcc.exe V5.06 update 5 (build 528)
Assembler:       Armasm.exe V5.06 update 5 (build 528)
Linker/Locator:  ArmLink.exe V5.06 update 5 (build 528)
Library Manager: ArmAr.exe V5.06 update 5 (build 528)
Hex Converter:   FromElf.exe V5.06 update 5 (build 528)
CPU DLL:         SARMCM3.DLL V5.24.1
Dialog DLL:      DCM.DLL V1.16.0.0
Target DLL:      STLink\ST-LINKIII-KEIL_SWO.dll V3.0.1.0
Dialog DLL:      TCM.DLL V1.32.0.0
 
<h2>Project:</h2>
F:\FreeRTOS\FreerRTOS»ŒŒÒπ“∆∫Õª÷∏¥\Project.uvprojx
Project File Date:  03/24/2024

<h2>Output:</h2>
*** Using Compiler 'V5.06 update 5 (build 528)', folder: 'D:\Keill5\ARM\ARMCC\Bin'
Build target 'Target 1'
compiling EXTI.c...
Hardware\EXTI.c(10): error:  #147-D: declaration is incompatible with "void EXTI_Init(EXTI_InitTypeDef *)"  (declared at line 159 of ".\Library\stm32f10x_exti.h")
  void EXTI_Init(void)
Hardware\EXTI.c(33): error:  #140: too many arguments in function call
  	EXTI_Init(&EXTI_InitStructure);								//Â∞ÜÁªìÊûÑ‰ΩìÂèòÈáè‰∫§ÁªôEXTI_InitÔºåÈÖçÁΩÆEXTIÂ§ñËÆæ
Hardware\EXTI.c(68): error:  #20: identifier "CountSensor_Count" is undefined
  			CountSensor_Count ++;					//ËÆ°Êï∞ÂÄºËá™Â¢û‰∏ÄÊ¨?
Hardware\EXTI.c: 0 warnings, 3 errors
".\Objects\Project.axf" - 3 Error(s), 0 Warning(s).

<h2>Software Packages used:</h2>

Package Vendor: Keil
                http://www.keil.com/pack/Keil.STM32F1xx_DFP.2.2.0.pack
                Keil.STM32F1xx_DFP.2.2.0
                STMicroelectronics STM32F1 Series Device Support, Drivers and Examples

<h2>Collection of Component include folders:</h2>
  .\RTE\_Target_1
  D:\Keill5\ARM\PACK\Keil\STM32F1xx_DFP\2.2.0\Device\Include

<h2>Collection of Component Files used:</h2>
Target not created.
Build Time Elapsed:  00:00:01
</pre>
</body>
</html>
